#
# There is insufficient memory for the Java Runtime Environment to continue.
# Native memory allocation (malloc) failed to allocate 505840 bytes for Chunk::new
# Possible reasons:
#   The system is out of physical RAM or swap space
#   The process is running with CompressedOops enabled, and the Java Heap may be blocking the growth of the native heap
# Possible solutions:
#   Reduce memory load on the system
#   Increase physical memory or swap space
#   Check if swap backing store is full
#   Decrease Java heap size (-Xmx/-Xms)
#   Decrease number of Java threads
#   Decrease Java thread stack sizes (-Xss)
#   Set larger code cache with -XX:ReservedCodeCacheSize=
#   JVM is running with Unscaled Compressed Oops mode in which the Java heap is
#     placed in the first 4GB address space. The Java Heap base address is the
#     maximum limit for the native heap growth. Please use -XX:HeapBaseMinAddress
#     to set the Java Heap base and to place the Java Heap above 4GB virtual address.
# This output file may be truncated or incomplete.
#
#  Out of Memory Error (arena.cpp:189), pid=24080, tid=22312
#
# JRE version: Java(TM) SE Runtime Environment (17.0.5+9) (build 17.0.5+9-LTS-191)
# Java VM: Java HotSpot(TM) 64-Bit Server VM (17.0.5+9-LTS-191, mixed mode, sharing, tiered, compressed oops, compressed class ptrs, g1 gc, windows-amd64)
# No core dump will be written. Minidumps are not enabled by default on client versions of Windows
#

---------------  S U M M A R Y ------------

Command Line: -Dclassworlds.conf=C:\Program Files\apache-maven-4.0.0-alpha-4\bin\m2.conf -Dmaven.home=C:\Program Files\apache-maven-4.0.0-alpha-4 -Dlibrary.jansi.path=C:\Program Files\apache-maven-4.0.0-alpha-4\lib\jansi-native -Dmaven.multiModuleProjectDirectory=C:\Users\kroxe\Desktop\DemoShopLucaSagau org.codehaus.plexus.classworlds.launcher.Launcher test

Host: Intel(R) Core(TM) i5-4460  CPU @ 3.20GHz, 4 cores, 7G,  Windows 10 , 64 bit Build 19041 (10.0.19041.2546)
Time: Tue Feb 28 11:15:56 2023 GTB Standard Time elapsed time: 7.244435 seconds (0d 0h 0m 7s)

---------------  T H R E A D  ---------------

Current thread (0x0000016dcbf77620):  JavaThread "C2 CompilerThread1" daemon [_thread_in_native, id=22312, stack(0x0000000101d00000,0x0000000101e00000)]


Current CompileTask:
C2:   7256 3735       4       java.util.HashMap::putVal (300 bytes)

Stack: [0x0000000101d00000,0x0000000101e00000]
Native frames: (J=compiled Java code, j=interpreted, Vv=VM code, C=native code)
V  [jvm.dll+0x672eea]
V  [jvm.dll+0x7d2a04]
V  [jvm.dll+0x7d41ae]
V  [jvm.dll+0x7d4813]
V  [jvm.dll+0x242c15]
V  [jvm.dll+0xaa57b]
V  [jvm.dll+0xaab0c]
V  [jvm.dll+0x35ff97]
V  [jvm.dll+0x32a631]
V  [jvm.dll+0x329ada]
V  [jvm.dll+0x215cc1]
V  [jvm.dll+0x2150e1]
V  [jvm.dll+0x1a18ed]
V  [jvm.dll+0x22493a]
V  [jvm.dll+0x222aa5]
V  [jvm.dll+0x7885db]
V  [jvm.dll+0x782b4a]
V  [jvm.dll+0x671d75]
C  [ucrtbase.dll+0x21bb2]
C  [KERNEL32.DLL+0x17614]
C  [ntdll.dll+0x526a1]


---------------  P R O C E S S  ---------------

Threads class SMR info:
_java_thread_list=0x0000016dcbf766f0, length=13, elements={
0x0000016daacaea70, 0x0000016dca4c20f0, 0x0000016dca4c2f60, 0x0000016dca4d8650,
0x0000016dca4d9000, 0x0000016dca4d99b0, 0x0000016dca4da360, 0x0000016dca4db0f0,
0x0000016dca4dbb90, 0x0000016dca4e9150, 0x0000016dcb0acf70, 0x0000016dcb0b36f0,
0x0000016dcbf77620
}

Java Threads: ( => current thread )
  0x0000016daacaea70 JavaThread "main" [_thread_in_native, id=14200, stack(0x0000000100600000,0x0000000100700000)]
  0x0000016dca4c20f0 JavaThread "Reference Handler" daemon [_thread_blocked, id=9288, stack(0x0000000100d00000,0x0000000100e00000)]
  0x0000016dca4c2f60 JavaThread "Finalizer" daemon [_thread_blocked, id=20584, stack(0x0000000100e00000,0x0000000100f00000)]
  0x0000016dca4d8650 JavaThread "Signal Dispatcher" daemon [_thread_blocked, id=10432, stack(0x0000000100f00000,0x0000000101000000)]
  0x0000016dca4d9000 JavaThread "Attach Listener" daemon [_thread_blocked, id=14716, stack(0x0000000101000000,0x0000000101100000)]
  0x0000016dca4d99b0 JavaThread "Service Thread" daemon [_thread_blocked, id=28484, stack(0x0000000101100000,0x0000000101200000)]
  0x0000016dca4da360 JavaThread "Monitor Deflation Thread" daemon [_thread_blocked, id=16044, stack(0x0000000101200000,0x0000000101300000)]
  0x0000016dca4db0f0 JavaThread "C2 CompilerThread0" daemon [_thread_in_native, id=25912, stack(0x0000000101300000,0x0000000101400000)]
  0x0000016dca4dbb90 JavaThread "C1 CompilerThread0" daemon [_thread_blocked, id=7840, stack(0x0000000101400000,0x0000000101500000)]
  0x0000016dca4e9150 JavaThread "Sweeper thread" daemon [_thread_blocked, id=12748, stack(0x0000000101500000,0x0000000101600000)]
  0x0000016dcb0acf70 JavaThread "Notification Thread" daemon [_thread_blocked, id=20248, stack(0x0000000101600000,0x0000000101700000)]
  0x0000016dcb0b36f0 JavaThread "Common-Cleaner" daemon [_thread_blocked, id=21508, stack(0x0000000101800000,0x0000000101900000)]
=>0x0000016dcbf77620 JavaThread "C2 CompilerThread1" daemon [_thread_in_native, id=22312, stack(0x0000000101d00000,0x0000000101e00000)]

Other Threads:
  0x0000016dca4bcc30 VMThread "VM Thread" [stack: 0x0000000100c00000,0x0000000100d00000] [id=25348]
  0x0000016dcb0af450 WatcherThread [stack: 0x0000000101700000,0x0000000101800000] [id=8168]
  0x0000016daad072b0 GCTaskThread "GC Thread#0" [stack: 0x0000000100700000,0x0000000100800000] [id=9656]
  0x0000016dcb89e480 GCTaskThread "GC Thread#1" [stack: 0x0000000101900000,0x0000000101a00000] [id=6376]
  0x0000016dcb89e730 GCTaskThread "GC Thread#2" [stack: 0x0000000101a00000,0x0000000101b00000] [id=27312]
  0x0000016dcb86c6d0 GCTaskThread "GC Thread#3" [stack: 0x0000000101b00000,0x0000000101c00000] [id=9572]
  0x0000016daad18030 ConcurrentGCThread "G1 Main Marker" [stack: 0x0000000100800000,0x0000000100900000] [id=28040]
  0x0000016daad19a50 ConcurrentGCThread "G1 Conc#0" [stack: 0x0000000100900000,0x0000000100a00000] [id=20936]
  0x0000016dca380090 ConcurrentGCThread "G1 Refine#0" [stack: 0x0000000100a00000,0x0000000100b00000] [id=26072]
  0x0000016dcb91a070 ConcurrentGCThread "G1 Refine#1" [stack: 0x0000000101c00000,0x0000000101d00000] [id=25708]
  0x0000016dca380ab0 ConcurrentGCThread "G1 Service" [stack: 0x0000000100b00000,0x0000000100c00000] [id=12700]

Threads with active compile tasks:
C2 CompilerThread0     7295 3726       4       org.apache.maven.internal.xml.XmlNodeBuilder::build (353 bytes)
C2 CompilerThread1     7295 3735       4       java.util.HashMap::putVal (300 bytes)

VM state: not at safepoint (normal execution)

VM Mutex/Monitor currently owned by a thread: None

Heap address: 0x0000000080e00000, size: 2034 MB, Compressed Oops mode: 32-bit

CDS archive(s) mapped at: [0x0000000800000000-0x0000000800bd0000-0x0000000800bd0000), size 12386304, SharedBaseAddress: 0x0000000800000000, ArchiveRelocationMode: 0.
Compressed class space mapped at: 0x0000000800c00000-0x0000000840c00000, reserved size: 1073741824
Narrow klass base: 0x0000000800000000, Narrow klass shift: 0, Narrow klass range: 0x100000000

GC Precious Log:
 CPUs: 4 total, 4 available
 Memory: 8131M
 Large Page Support: Disabled
 NUMA Support: Disabled
 Compressed Oops: Enabled (32-bit)
 Heap Region Size: 1M
 Heap Min Capacity: 8M
 Heap Initial Capacity: 128M
 Heap Max Capacity: 2034M
 Pre-touch: Disabled
 Parallel Workers: 4
 Concurrent Workers: 1
 Concurrent Refinement Workers: 4
 Periodic GC: Disabled

Heap:
 garbage-first heap   total 131072K, used 60007K [0x0000000080e00000, 0x0000000100000000)
  region size 1024K, 57 young (58368K), 3 survivors (3072K)
 Metaspace       used 18444K, committed 18688K, reserved 1073152K
  class space    used 2235K, committed 2368K, reserved 1048576K

Heap Regions: E=young(eden), S=young(survivor), O=old, HS=humongous(starts), HC=humongous(continues), CS=collection set, F=free, OA=open archive, CA=closed archive, TAMS=top-at-mark-start (previous, next)
|   0|0x0000000080e00000, 0x0000000080f00000, 0x0000000080f00000|100%| O|  |TAMS 0x0000000080e00000, 0x0000000080e00000| Untracked 
|   1|0x0000000080f00000, 0x0000000081000000, 0x0000000081000000|100%| O|  |TAMS 0x0000000080f00000, 0x0000000080f00000| Untracked 
|   2|0x0000000081000000, 0x0000000081100000, 0x0000000081100000|100%| O|  |TAMS 0x0000000081000000, 0x0000000081000000| Untracked 
|   3|0x0000000081100000, 0x0000000081155800, 0x0000000081200000| 33%| O|  |TAMS 0x0000000081100000, 0x0000000081100000| Untracked 
|   4|0x0000000081200000, 0x0000000081200000, 0x0000000081300000|  0%| F|  |TAMS 0x0000000081200000, 0x0000000081200000| Untracked 
|   5|0x0000000081300000, 0x0000000081300000, 0x0000000081400000|  0%| F|  |TAMS 0x0000000081300000, 0x0000000081300000| Untracked 
|   6|0x0000000081400000, 0x0000000081400000, 0x0000000081500000|  0%| F|  |TAMS 0x0000000081400000, 0x0000000081400000| Untracked 
|   7|0x0000000081500000, 0x0000000081500000, 0x0000000081600000|  0%| F|  |TAMS 0x0000000081500000, 0x0000000081500000| Untracked 
|   8|0x0000000081600000, 0x0000000081600000, 0x0000000081700000|  0%| F|  |TAMS 0x0000000081600000, 0x0000000081600000| Untracked 
|   9|0x0000000081700000, 0x0000000081700000, 0x0000000081800000|  0%| F|  |TAMS 0x0000000081700000, 0x0000000081700000| Untracked 
|  10|0x0000000081800000, 0x0000000081800000, 0x0000000081900000|  0%| F|  |TAMS 0x0000000081800000, 0x0000000081800000| Untracked 
|  11|0x0000000081900000, 0x0000000081900000, 0x0000000081a00000|  0%| F|  |TAMS 0x0000000081900000, 0x0000000081900000| Untracked 
|  12|0x0000000081a00000, 0x0000000081a00000, 0x0000000081b00000|  0%| F|  |TAMS 0x0000000081a00000, 0x0000000081a00000| Untracked 
|  13|0x0000000081b00000, 0x0000000081b00000, 0x0000000081c00000|  0%| F|  |TAMS 0x0000000081b00000, 0x0000000081b00000| Untracked 
|  14|0x0000000081c00000, 0x0000000081c00000, 0x0000000081d00000|  0%| F|  |TAMS 0x0000000081c00000, 0x0000000081c00000| Untracked 
|  15|0x0000000081d00000, 0x0000000081d00000, 0x0000000081e00000|  0%| F|  |TAMS 0x0000000081d00000, 0x0000000081d00000| Untracked 
|  16|0x0000000081e00000, 0x0000000081e00000, 0x0000000081f00000|  0%| F|  |TAMS 0x0000000081e00000, 0x0000000081e00000| Untracked 
|  17|0x0000000081f00000, 0x0000000081f00000, 0x0000000082000000|  0%| F|  |TAMS 0x0000000081f00000, 0x0000000081f00000| Untracked 
|  18|0x0000000082000000, 0x0000000082000000, 0x0000000082100000|  0%| F|  |TAMS 0x0000000082000000, 0x0000000082000000| Untracked 
|  19|0x0000000082100000, 0x0000000082100000, 0x0000000082200000|  0%| F|  |TAMS 0x0000000082100000, 0x0000000082100000| Untracked 
|  20|0x0000000082200000, 0x0000000082200000, 0x0000000082300000|  0%| F|  |TAMS 0x0000000082200000, 0x0000000082200000| Untracked 
|  21|0x0000000082300000, 0x0000000082300000, 0x0000000082400000|  0%| F|  |TAMS 0x0000000082300000, 0x0000000082300000| Untracked 
|  22|0x0000000082400000, 0x0000000082400000, 0x0000000082500000|  0%| F|  |TAMS 0x0000000082400000, 0x0000000082400000| Untracked 
|  23|0x0000000082500000, 0x0000000082500000, 0x0000000082600000|  0%| F|  |TAMS 0x0000000082500000, 0x0000000082500000| Untracked 
|  24|0x0000000082600000, 0x0000000082600000, 0x0000000082700000|  0%| F|  |TAMS 0x0000000082600000, 0x0000000082600000| Untracked 
|  25|0x0000000082700000, 0x0000000082700000, 0x0000000082800000|  0%| F|  |TAMS 0x0000000082700000, 0x0000000082700000| Untracked 
|  26|0x0000000082800000, 0x0000000082800000, 0x0000000082900000|  0%| F|  |TAMS 0x0000000082800000, 0x0000000082800000| Untracked 
|  27|0x0000000082900000, 0x0000000082900000, 0x0000000082a00000|  0%| F|  |TAMS 0x0000000082900000, 0x0000000082900000| Untracked 
|  28|0x0000000082a00000, 0x0000000082a00000, 0x0000000082b00000|  0%| F|  |TAMS 0x0000000082a00000, 0x0000000082a00000| Untracked 
|  29|0x0000000082b00000, 0x0000000082b00000, 0x0000000082c00000|  0%| F|  |TAMS 0x0000000082b00000, 0x0000000082b00000| Untracked 
|  30|0x0000000082c00000, 0x0000000082c00000, 0x0000000082d00000|  0%| F|  |TAMS 0x0000000082c00000, 0x0000000082c00000| Untracked 
|  31|0x0000000082d00000, 0x0000000082d00000, 0x0000000082e00000|  0%| F|  |TAMS 0x0000000082d00000, 0x0000000082d00000| Untracked 
|  32|0x0000000082e00000, 0x0000000082e00000, 0x0000000082f00000|  0%| F|  |TAMS 0x0000000082e00000, 0x0000000082e00000| Untracked 
|  33|0x0000000082f00000, 0x0000000082f00000, 0x0000000083000000|  0%| F|  |TAMS 0x0000000082f00000, 0x0000000082f00000| Untracked 
|  34|0x0000000083000000, 0x0000000083000000, 0x0000000083100000|  0%| F|  |TAMS 0x0000000083000000, 0x0000000083000000| Untracked 
|  35|0x0000000083100000, 0x0000000083100000, 0x0000000083200000|  0%| F|  |TAMS 0x0000000083100000, 0x0000000083100000| Untracked 
|  36|0x0000000083200000, 0x0000000083200000, 0x0000000083300000|  0%| F|  |TAMS 0x0000000083200000, 0x0000000083200000| Untracked 
|  37|0x0000000083300000, 0x0000000083300000, 0x0000000083400000|  0%| F|  |TAMS 0x0000000083300000, 0x0000000083300000| Untracked 
|  38|0x0000000083400000, 0x0000000083400000, 0x0000000083500000|  0%| F|  |TAMS 0x0000000083400000, 0x0000000083400000| Untracked 
|  39|0x0000000083500000, 0x0000000083500000, 0x0000000083600000|  0%| F|  |TAMS 0x0000000083500000, 0x0000000083500000| Untracked 
|  40|0x0000000083600000, 0x0000000083600000, 0x0000000083700000|  0%| F|  |TAMS 0x0000000083600000, 0x0000000083600000| Untracked 
|  41|0x0000000083700000, 0x0000000083700000, 0x0000000083800000|  0%| F|  |TAMS 0x0000000083700000, 0x0000000083700000| Untracked 
|  42|0x0000000083800000, 0x0000000083800000, 0x0000000083900000|  0%| F|  |TAMS 0x0000000083800000, 0x0000000083800000| Untracked 
|  43|0x0000000083900000, 0x0000000083900000, 0x0000000083a00000|  0%| F|  |TAMS 0x0000000083900000, 0x0000000083900000| Untracked 
|  44|0x0000000083a00000, 0x0000000083a00000, 0x0000000083b00000|  0%| F|  |TAMS 0x0000000083a00000, 0x0000000083a00000| Untracked 
|  45|0x0000000083b00000, 0x0000000083b00000, 0x0000000083c00000|  0%| F|  |TAMS 0x0000000083b00000, 0x0000000083b00000| Untracked 
|  46|0x0000000083c00000, 0x0000000083c00000, 0x0000000083d00000|  0%| F|  |TAMS 0x0000000083c00000, 0x0000000083c00000| Untracked 
|  47|0x0000000083d00000, 0x0000000083d00000, 0x0000000083e00000|  0%| F|  |TAMS 0x0000000083d00000, 0x0000000083d00000| Untracked 
|  48|0x0000000083e00000, 0x0000000083e00000, 0x0000000083f00000|  0%| F|  |TAMS 0x0000000083e00000, 0x0000000083e00000| Untracked 
|  49|0x0000000083f00000, 0x0000000083f00000, 0x0000000084000000|  0%| F|  |TAMS 0x0000000083f00000, 0x0000000083f00000| Untracked 
|  50|0x0000000084000000, 0x0000000084000000, 0x0000000084100000|  0%| F|  |TAMS 0x0000000084000000, 0x0000000084000000| Untracked 
|  51|0x0000000084100000, 0x0000000084100000, 0x0000000084200000|  0%| F|  |TAMS 0x0000000084100000, 0x0000000084100000| Untracked 
|  52|0x0000000084200000, 0x0000000084200000, 0x0000000084300000|  0%| F|  |TAMS 0x0000000084200000, 0x0000000084200000| Untracked 
|  53|0x0000000084300000, 0x0000000084300000, 0x0000000084400000|  0%| F|  |TAMS 0x0000000084300000, 0x0000000084300000| Untracked 
|  54|0x0000000084400000, 0x0000000084400000, 0x0000000084500000|  0%| F|  |TAMS 0x0000000084400000, 0x0000000084400000| Untracked 
|  55|0x0000000084500000, 0x0000000084500000, 0x0000000084600000|  0%| F|  |TAMS 0x0000000084500000, 0x0000000084500000| Untracked 
|  56|0x0000000084600000, 0x0000000084600000, 0x0000000084700000|  0%| F|  |TAMS 0x0000000084600000, 0x0000000084600000| Untracked 
|  57|0x0000000084700000, 0x0000000084700000, 0x0000000084800000|  0%| F|  |TAMS 0x0000000084700000, 0x0000000084700000| Untracked 
|  58|0x0000000084800000, 0x0000000084800000, 0x0000000084900000|  0%| F|  |TAMS 0x0000000084800000, 0x0000000084800000| Untracked 
|  59|0x0000000084900000, 0x0000000084900000, 0x0000000084a00000|  0%| F|  |TAMS 0x0000000084900000, 0x0000000084900000| Untracked 
|  60|0x0000000084a00000, 0x0000000084a00000, 0x0000000084b00000|  0%| F|  |TAMS 0x0000000084a00000, 0x0000000084a00000| Untracked 
|  61|0x0000000084b00000, 0x0000000084b00000, 0x0000000084c00000|  0%| F|  |TAMS 0x0000000084b00000, 0x0000000084b00000| Untracked 
|  62|0x0000000084c00000, 0x0000000084c00000, 0x0000000084d00000|  0%| F|  |TAMS 0x0000000084c00000, 0x0000000084c00000| Untracked 
|  63|0x0000000084d00000, 0x0000000084d00000, 0x0000000084e00000|  0%| F|  |TAMS 0x0000000084d00000, 0x0000000084d00000| Untracked 
|  64|0x0000000084e00000, 0x0000000084e00000, 0x0000000084f00000|  0%| F|  |TAMS 0x0000000084e00000, 0x0000000084e00000| Untracked 
|  65|0x0000000084f00000, 0x0000000084f00000, 0x0000000085000000|  0%| F|  |TAMS 0x0000000084f00000, 0x0000000084f00000| Untracked 
|  66|0x0000000085000000, 0x0000000085000000, 0x0000000085100000|  0%| F|  |TAMS 0x0000000085000000, 0x0000000085000000| Untracked 
|  67|0x0000000085100000, 0x0000000085100000, 0x0000000085200000|  0%| F|  |TAMS 0x0000000085100000, 0x0000000085100000| Untracked 
|  68|0x0000000085200000, 0x0000000085200000, 0x0000000085300000|  0%| F|  |TAMS 0x0000000085200000, 0x0000000085200000| Untracked 
|  69|0x0000000085300000, 0x0000000085300000, 0x0000000085400000|  0%| F|  |TAMS 0x0000000085300000, 0x0000000085300000| Untracked 
|  70|0x0000000085400000, 0x0000000085400000, 0x0000000085500000|  0%| F|  |TAMS 0x0000000085400000, 0x0000000085400000| Untracked 
|  71|0x0000000085500000, 0x0000000085600000, 0x0000000085600000|100%| E|  |TAMS 0x0000000085500000, 0x0000000085500000| Complete 
|  72|0x0000000085600000, 0x0000000085700000, 0x0000000085700000|100%| E|CS|TAMS 0x0000000085600000, 0x0000000085600000| Complete 
|  73|0x0000000085700000, 0x0000000085800000, 0x0000000085800000|100%| E|CS|TAMS 0x0000000085700000, 0x0000000085700000| Complete 
|  74|0x0000000085800000, 0x0000000085900000, 0x0000000085900000|100%| E|CS|TAMS 0x0000000085800000, 0x0000000085800000| Complete 
|  75|0x0000000085900000, 0x0000000085a00000, 0x0000000085a00000|100%| E|CS|TAMS 0x0000000085900000, 0x0000000085900000| Complete 
|  76|0x0000000085a00000, 0x0000000085b00000, 0x0000000085b00000|100%| E|CS|TAMS 0x0000000085a00000, 0x0000000085a00000| Complete 
|  77|0x0000000085b00000, 0x0000000085c00000, 0x0000000085c00000|100%| E|CS|TAMS 0x0000000085b00000, 0x0000000085b00000| Complete 
|  78|0x0000000085c00000, 0x0000000085d00000, 0x0000000085d00000|100%| E|CS|TAMS 0x0000000085c00000, 0x0000000085c00000| Complete 
|  79|0x0000000085d00000, 0x0000000085e00000, 0x0000000085e00000|100%| E|CS|TAMS 0x0000000085d00000, 0x0000000085d00000| Complete 
|  80|0x0000000085e00000, 0x0000000085f00000, 0x0000000085f00000|100%| E|CS|TAMS 0x0000000085e00000, 0x0000000085e00000| Complete 
|  81|0x0000000085f00000, 0x0000000086000000, 0x0000000086000000|100%| E|CS|TAMS 0x0000000085f00000, 0x0000000085f00000| Complete 
|  82|0x0000000086000000, 0x0000000086100000, 0x0000000086100000|100%| E|CS|TAMS 0x0000000086000000, 0x0000000086000000| Complete 
|  83|0x0000000086100000, 0x0000000086200000, 0x0000000086200000|100%| E|CS|TAMS 0x0000000086100000, 0x0000000086100000| Complete 
|  84|0x0000000086200000, 0x0000000086300000, 0x0000000086300000|100%| E|CS|TAMS 0x0000000086200000, 0x0000000086200000| Complete 
|  85|0x0000000086300000, 0x0000000086400000, 0x0000000086400000|100%| E|CS|TAMS 0x0000000086300000, 0x0000000086300000| Complete 
|  86|0x0000000086400000, 0x0000000086500000, 0x0000000086500000|100%| E|CS|TAMS 0x0000000086400000, 0x0000000086400000| Complete 
|  87|0x0000000086500000, 0x0000000086600000, 0x0000000086600000|100%| E|CS|TAMS 0x0000000086500000, 0x0000000086500000| Complete 
|  88|0x0000000086600000, 0x0000000086700000, 0x0000000086700000|100%| E|CS|TAMS 0x0000000086600000, 0x0000000086600000| Complete 
|  89|0x0000000086700000, 0x0000000086800000, 0x0000000086800000|100%| E|CS|TAMS 0x0000000086700000, 0x0000000086700000| Complete 
|  90|0x0000000086800000, 0x0000000086900000, 0x0000000086900000|100%| E|CS|TAMS 0x0000000086800000, 0x0000000086800000| Complete 
|  91|0x0000000086900000, 0x0000000086a00000, 0x0000000086a00000|100%| E|CS|TAMS 0x0000000086900000, 0x0000000086900000| Complete 
|  92|0x0000000086a00000, 0x0000000086b00000, 0x0000000086b00000|100%| E|CS|TAMS 0x0000000086a00000, 0x0000000086a00000| Complete 
|  93|0x0000000086b00000, 0x0000000086c00000, 0x0000000086c00000|100%| E|CS|TAMS 0x0000000086b00000, 0x0000000086b00000| Complete 
|  94|0x0000000086c00000, 0x0000000086d00000, 0x0000000086d00000|100%| E|CS|TAMS 0x0000000086c00000, 0x0000000086c00000| Complete 
|  95|0x0000000086d00000, 0x0000000086d44458, 0x0000000086e00000| 26%| S|CS|TAMS 0x0000000086d00000, 0x0000000086d00000| Complete 
|  96|0x0000000086e00000, 0x0000000086f00000, 0x0000000086f00000|100%| S|CS|TAMS 0x0000000086e00000, 0x0000000086e00000| Complete 
|  97|0x0000000086f00000, 0x0000000087000000, 0x0000000087000000|100%| S|CS|TAMS 0x0000000086f00000, 0x0000000086f00000| Complete 
|  98|0x0000000087000000, 0x0000000087100000, 0x0000000087100000|100%| E|CS|TAMS 0x0000000087000000, 0x0000000087000000| Complete 
|  99|0x0000000087100000, 0x0000000087200000, 0x0000000087200000|100%| E|CS|TAMS 0x0000000087100000, 0x0000000087100000| Complete 
| 100|0x0000000087200000, 0x0000000087300000, 0x0000000087300000|100%| E|CS|TAMS 0x0000000087200000, 0x0000000087200000| Complete 
| 101|0x0000000087300000, 0x0000000087400000, 0x0000000087400000|100%| E|CS|TAMS 0x0000000087300000, 0x0000000087300000| Complete 
| 102|0x0000000087400000, 0x0000000087500000, 0x0000000087500000|100%| E|CS|TAMS 0x0000000087400000, 0x0000000087400000| Complete 
| 103|0x0000000087500000, 0x0000000087600000, 0x0000000087600000|100%| E|CS|TAMS 0x0000000087500000, 0x0000000087500000| Complete 
| 104|0x0000000087600000, 0x0000000087700000, 0x0000000087700000|100%| E|CS|TAMS 0x0000000087600000, 0x0000000087600000| Complete 
| 105|0x0000000087700000, 0x0000000087800000, 0x0000000087800000|100%| E|CS|TAMS 0x0000000087700000, 0x0000000087700000| Complete 
| 106|0x0000000087800000, 0x0000000087900000, 0x0000000087900000|100%| E|CS|TAMS 0x0000000087800000, 0x0000000087800000| Complete 
| 107|0x0000000087900000, 0x0000000087a00000, 0x0000000087a00000|100%| E|CS|TAMS 0x0000000087900000, 0x0000000087900000| Complete 
| 108|0x0000000087a00000, 0x0000000087b00000, 0x0000000087b00000|100%| E|CS|TAMS 0x0000000087a00000, 0x0000000087a00000| Complete 
| 109|0x0000000087b00000, 0x0000000087c00000, 0x0000000087c00000|100%| E|CS|TAMS 0x0000000087b00000, 0x0000000087b00000| Complete 
| 110|0x0000000087c00000, 0x0000000087d00000, 0x0000000087d00000|100%| E|CS|TAMS 0x0000000087c00000, 0x0000000087c00000| Complete 
| 111|0x0000000087d00000, 0x0000000087e00000, 0x0000000087e00000|100%| E|CS|TAMS 0x0000000087d00000, 0x0000000087d00000| Complete 
| 112|0x0000000087e00000, 0x0000000087f00000, 0x0000000087f00000|100%| E|CS|TAMS 0x0000000087e00000, 0x0000000087e00000| Complete 
| 113|0x0000000087f00000, 0x0000000088000000, 0x0000000088000000|100%| E|CS|TAMS 0x0000000087f00000, 0x0000000087f00000| Complete 
| 114|0x0000000088000000, 0x0000000088100000, 0x0000000088100000|100%| E|CS|TAMS 0x0000000088000000, 0x0000000088000000| Complete 
| 115|0x0000000088100000, 0x0000000088200000, 0x0000000088200000|100%| E|CS|TAMS 0x0000000088100000, 0x0000000088100000| Complete 
| 116|0x0000000088200000, 0x0000000088300000, 0x0000000088300000|100%| E|CS|TAMS 0x0000000088200000, 0x0000000088200000| Complete 
| 117|0x0000000088300000, 0x0000000088400000, 0x0000000088400000|100%| E|CS|TAMS 0x0000000088300000, 0x0000000088300000| Complete 
| 118|0x0000000088400000, 0x0000000088500000, 0x0000000088500000|100%| E|CS|TAMS 0x0000000088400000, 0x0000000088400000| Complete 
| 119|0x0000000088500000, 0x0000000088600000, 0x0000000088600000|100%| E|CS|TAMS 0x0000000088500000, 0x0000000088500000| Complete 
| 120|0x0000000088600000, 0x0000000088700000, 0x0000000088700000|100%| E|CS|TAMS 0x0000000088600000, 0x0000000088600000| Complete 
| 121|0x0000000088700000, 0x0000000088800000, 0x0000000088800000|100%| E|CS|TAMS 0x0000000088700000, 0x0000000088700000| Complete 
| 122|0x0000000088800000, 0x0000000088900000, 0x0000000088900000|100%| E|CS|TAMS 0x0000000088800000, 0x0000000088800000| Complete 
| 123|0x0000000088900000, 0x0000000088a00000, 0x0000000088a00000|100%| E|CS|TAMS 0x0000000088900000, 0x0000000088900000| Complete 
| 124|0x0000000088a00000, 0x0000000088b00000, 0x0000000088b00000|100%| E|CS|TAMS 0x0000000088a00000, 0x0000000088a00000| Complete 
| 125|0x0000000088b00000, 0x0000000088c00000, 0x0000000088c00000|100%| E|CS|TAMS 0x0000000088b00000, 0x0000000088b00000| Complete 
| 126|0x0000000088c00000, 0x0000000088d00000, 0x0000000088d00000|100%| E|CS|TAMS 0x0000000088c00000, 0x0000000088c00000| Complete 
| 127|0x0000000088d00000, 0x0000000088e00000, 0x0000000088e00000|100%| E|CS|TAMS 0x0000000088d00000, 0x0000000088d00000| Complete 

Card table byte_map: [0x0000016dc3730000,0x0000016dc3b30000] _byte_map_base: 0x0000016dc3329000

Marking Bits (Prev, Next): (CMBitMap*) 0x0000016daad078c0, (CMBitMap*) 0x0000016daad07900
 Prev Bits: [0x0000016dc3f30000, 0x0000016dc5ef8000)
 Next Bits: [0x0000016dc5f00000, 0x0000016dc7ec8000)

Polling page: 0x0000016daad90000

Metaspace:

Usage:
  Non-class:     15.85 MB used.
      Class:      2.18 MB used.
       Both:     18.03 MB used.

Virtual space:
  Non-class space:       24.00 MB reserved,      15.94 MB ( 66%) committed,  3 nodes.
      Class space:        1.00 GB reserved,       2.31 MB ( <1%) committed,  1 nodes.
             Both:        1.02 GB reserved,      18.25 MB (  2%) committed. 

Chunk freelists:
   Non-Class:  3.83 MB
       Class:  1.61 MB
        Both:  5.43 MB

MaxMetaspaceSize: unlimited
CompressedClassSpaceSize: 1.00 GB
Initial GC threshold: 21.00 MB
Current GC threshold: 21.00 MB
CDS: on
MetaspaceReclaimPolicy: balanced
 - commit_granule_bytes: 65536.
 - commit_granule_words: 8192.
 - virtual_space_node_default_size: 1048576.
 - enlarge_chunks_in_place: 1.
 - new_chunks_are_fully_committed: 0.
 - uncommit_free_chunks: 1.
 - use_allocation_guard: 0.
 - handle_deallocations: 1.


Internal statistics:

num_allocs_failed_limit: 0.
num_arena_births: 118.
num_arena_deaths: 0.
num_vsnodes_births: 4.
num_vsnodes_deaths: 0.
num_space_committed: 292.
num_space_uncommitted: 0.
num_chunks_returned_to_freelist: 0.
num_chunks_taken_from_freelist: 767.
num_chunk_merges: 0.
num_chunk_splits: 521.
num_chunks_enlarged: 424.
num_purges: 0.
num_inconsistent_stats: 0.

CodeHeap 'non-profiled nmethods': size=120000Kb used=1707Kb max_used=1707Kb free=118292Kb
 bounds [0x0000016dbb7d0000, 0x0000016dbba40000, 0x0000016dc2d00000]
CodeHeap 'profiled nmethods': size=120000Kb used=7856Kb max_used=7856Kb free=112143Kb
 bounds [0x0000016db42a0000, 0x0000016db4a50000, 0x0000016dbb7d0000]
CodeHeap 'non-nmethods': size=5760Kb used=1196Kb max_used=1224Kb free=4563Kb
 bounds [0x0000016db3d00000, 0x0000016db3f70000, 0x0000016db42a0000]
 total_blobs=4344 nmethods=3857 adapters=398
 compilation: enabled
              stopped_count=0, restarted_count=0
 full_count=0

Compilation events (20 events):
Event: 7.162 Thread 0x0000016dca4dbb90 nmethod 3776 0x0000016db4a14510 code [0x0000016db4a14740, 0x0000016db4a14cc8]
Event: 7.162 Thread 0x0000016dca4dbb90 3777       3       org.eclipse.aether.artifact.AbstractArtifact::hash (13 bytes)
Event: 7.163 Thread 0x0000016dca4dbb90 nmethod 3777 0x0000016db4a15010 code [0x0000016db4a151c0, 0x0000016db4a153e8]
Event: 7.166 Thread 0x0000016dcbf77620 3735       4       java.util.HashMap::putVal (300 bytes)
Event: 7.185 Thread 0x0000016dca4dbb90 3778       1       org.apache.maven.model.building.ModelCacheTag$1::getName (3 bytes)
Event: 7.185 Thread 0x0000016dca4dbb90 nmethod 3778 0x0000016dbb971910 code [0x0000016dbb971aa0, 0x0000016dbb971b78]
Event: 7.187 Thread 0x0000016dca4dbb90 3779       3       java.util.regex.Pattern::append (43 bytes)
Event: 7.188 Thread 0x0000016dca4dbb90 nmethod 3779 0x0000016db4a15490 code [0x0000016db4a15660, 0x0000016db4a15a58]
Event: 7.188 Thread 0x0000016dca4dbb90 3780       3       java.util.regex.Pattern$Start::match (90 bytes)
Event: 7.188 Thread 0x0000016dca4dbb90 nmethod 3780 0x0000016db4a15c10 code [0x0000016db4a15de0, 0x0000016db4a161e8]
Event: 7.188 Thread 0x0000016dca4dbb90 3781       3       org.apache.maven.model.profile.DefaultProfileSelector::isActiveByDefault (22 bytes)
Event: 7.189 Thread 0x0000016dca4dbb90 nmethod 3781 0x0000016db4a16390 code [0x0000016db4a165c0, 0x0000016db4a17128]
Event: 7.189 Thread 0x0000016dca4dbb90 3782       2       java.lang.String::contains (19 bytes)
Event: 7.189 Thread 0x0000016dca4dbb90 nmethod 3782 0x0000016db4a17490 code [0x0000016db4a17640, 0x0000016db4a177b8]
Event: 7.189 Thread 0x0000016dca4dbb90 3783       3       java.lang.Integer::parseInt (264 bytes)
Event: 7.191 Thread 0x0000016dca4dbb90 nmethod 3783 0x0000016db4a17890 code [0x0000016db4a17d20, 0x0000016db4a19c58]
Event: 7.191 Thread 0x0000016dca4dbb90 3784       3       org.apache.maven.model.profile.DefaultProfileActivationContext::setProjectProperties (9 bytes)
Event: 7.191 Thread 0x0000016dca4dbb90 nmethod 3784 0x0000016db4a1a890 code [0x0000016db4a1aaa0, 0x0000016db4a1b138]
Event: 7.191 Thread 0x0000016dca4dbb90 3785       3       org.apache.maven.model.WrapperProperties::isEmpty (18 bytes)
Event: 7.191 Thread 0x0000016dca4dbb90 nmethod 3785 0x0000016db4a1b390 code [0x0000016db4a1b560, 0x0000016db4a1b918]

GC Heap History (6 events):
Event: 1.626 GC heap before
{Heap before GC invocations=0 (full 0):
 garbage-first heap   total 131072K, used 12288K [0x0000000080e00000, 0x0000000100000000)
  region size 1024K, 13 young (13312K), 0 survivors (0K)
 Metaspace       used 3492K, committed 3648K, reserved 1056768K
  class space    used 363K, committed 448K, reserved 1048576K
}
Event: 1.630 GC heap after
{Heap after GC invocations=1 (full 0):
 garbage-first heap   total 131072K, used 3332K [0x0000000080e00000, 0x0000000100000000)
  region size 1024K, 2 young (2048K), 2 survivors (2048K)
 Metaspace       used 3492K, committed 3648K, reserved 1056768K
  class space    used 363K, committed 448K, reserved 1048576K
}
Event: 2.028 GC heap before
{Heap before GC invocations=1 (full 0):
 garbage-first heap   total 131072K, used 13572K [0x0000000080e00000, 0x0000000100000000)
  region size 1024K, 13 young (13312K), 2 survivors (2048K)
 Metaspace       used 5891K, committed 6080K, reserved 1056768K
  class space    used 688K, committed 768K, reserved 1048576K
}
Event: 2.030 GC heap after
{Heap after GC invocations=2 (full 0):
 garbage-first heap   total 131072K, used 4162K [0x0000000080e00000, 0x0000000100000000)
  region size 1024K, 1 young (1024K), 1 survivors (1024K)
 Metaspace       used 5891K, committed 6080K, reserved 1056768K
  class space    used 688K, committed 768K, reserved 1048576K
}
Event: 2.793 GC heap before
{Heap before GC invocations=2 (full 0):
 garbage-first heap   total 131072K, used 33858K [0x0000000080e00000, 0x0000000100000000)
  region size 1024K, 30 young (30720K), 1 survivors (1024K)
 Metaspace       used 10323K, committed 10496K, reserved 1064960K
  class space    used 1254K, committed 1344K, reserved 1048576K
}
Event: 2.796 GC heap after
{Heap after GC invocations=3 (full 0):
 garbage-first heap   total 131072K, used 5735K [0x0000000080e00000, 0x0000000100000000)
  region size 1024K, 3 young (3072K), 3 survivors (3072K)
 Metaspace       used 10323K, committed 10496K, reserved 1064960K
  class space    used 1254K, committed 1344K, reserved 1048576K
}

Deoptimization events (20 events):
Event: 5.739 Thread 0x0000016daacaea70 Uncommon trap: trap_request=0xffffffc6 fr.pc=0x0000016dbb90fa08 relative=0x0000000000001a88
Event: 5.739 Thread 0x0000016daacaea70 Uncommon trap: reason=bimorphic_or_optimized_type_check action=maybe_recompile pc=0x0000016dbb90fa08 method=java.util.HashMap.putVal(ILjava/lang/Object;Ljava/lang/Object;ZZ)Ljava/lang/Object; @ 91 c2
Event: 5.739 Thread 0x0000016daacaea70 DEOPT PACKING pc=0x0000016dbb90fa08 sp=0x00000001006fc6a0
Event: 5.739 Thread 0x0000016daacaea70 DEOPT UNPACKING pc=0x0000016db3d523a3 sp=0x00000001006fc5f8 mode 2
Event: 5.739 Thread 0x0000016daacaea70 Uncommon trap: trap_request=0xffffff45 fr.pc=0x0000016dbb930570 relative=0x00000000000012f0
Event: 5.739 Thread 0x0000016daacaea70 Uncommon trap: reason=unstable_if action=reinterpret pc=0x0000016dbb930570 method=java.util.HashMap.putVal(ILjava/lang/Object;Ljava/lang/Object;ZZ)Ljava/lang/Object; @ 94 c2
Event: 5.739 Thread 0x0000016daacaea70 DEOPT PACKING pc=0x0000016dbb930570 sp=0x00000001006fc600
Event: 5.739 Thread 0x0000016daacaea70 DEOPT UNPACKING pc=0x0000016db3d523a3 sp=0x00000001006fc5f8 mode 2
Event: 6.424 Thread 0x0000016daacaea70 Uncommon trap: trap_request=0xffffff3d fr.pc=0x0000016dbb88341c relative=0x0000000000002cfc
Event: 6.424 Thread 0x0000016daacaea70 Uncommon trap: reason=unstable_fused_if action=reinterpret pc=0x0000016dbb88341c method=java.io.WinNTFileSystem.isLetter(C)Z @ 3 c2
Event: 6.424 Thread 0x0000016daacaea70 DEOPT PACKING pc=0x0000016dbb88341c sp=0x00000001006fbd70
Event: 6.424 Thread 0x0000016daacaea70 DEOPT UNPACKING pc=0x0000016db3d523a3 sp=0x00000001006fbc60 mode 2
Event: 6.712 Thread 0x0000016daacaea70 Uncommon trap: trap_request=0xffffff45 fr.pc=0x0000016dbb813fb4 relative=0x0000000000000574
Event: 6.712 Thread 0x0000016daacaea70 Uncommon trap: reason=unstable_if action=reinterpret pc=0x0000016dbb813fb4 method=java.lang.String.regionMatches(ZILjava/lang/String;II)Z @ 21 c2
Event: 6.712 Thread 0x0000016daacaea70 DEOPT PACKING pc=0x0000016dbb813fb4 sp=0x00000001006fbd60
Event: 6.712 Thread 0x0000016daacaea70 DEOPT UNPACKING pc=0x0000016db3d523a3 sp=0x00000001006fbd08 mode 2
Event: 7.137 Thread 0x0000016daacaea70 Uncommon trap: trap_request=0xffffffcc fr.pc=0x0000016dbb96e08c relative=0x00000000000001ec
Event: 7.137 Thread 0x0000016daacaea70 Uncommon trap: reason=intrinsic_or_type_checked_inlining action=make_not_entrant pc=0x0000016dbb96e08c method=java.util.Arrays.copyOf([Ljava/lang/Object;ILjava/lang/Class;)[Ljava/lang/Object; @ 35 c2
Event: 7.137 Thread 0x0000016daacaea70 DEOPT PACKING pc=0x0000016dbb96e08c sp=0x00000001006fb280
Event: 7.137 Thread 0x0000016daacaea70 DEOPT UNPACKING pc=0x0000016db3d523a3 sp=0x00000001006fb210 mode 2

Classes unloaded (0 events):
No events

Classes redefined (0 events):
No events

Internal exceptions (20 events):
Event: 6.778 Thread 0x0000016daacaea70 Exception <a 'sun/nio/fs/WindowsException'{0x0000000085cab0a0}> (0x0000000085cab0a0) 
thrown [s\open\src\hotspot\share\prims\jni.cpp, line 516]
Event: 6.845 Thread 0x0000016daacaea70 Exception <a 'sun/nio/fs/WindowsException'{0x0000000085cd2580}> (0x0000000085cd2580) 
thrown [s\open\src\hotspot\share\prims\jni.cpp, line 516]
Event: 6.846 Thread 0x0000016daacaea70 Exception <a 'sun/nio/fs/WindowsException'{0x0000000085ce62b8}> (0x0000000085ce62b8) 
thrown [s\open\src\hotspot\share\prims\jni.cpp, line 516]
Event: 6.852 Thread 0x0000016daacaea70 Exception <a 'sun/nio/fs/WindowsException'{0x0000000085b4b6e0}> (0x0000000085b4b6e0) 
thrown [s\open\src\hotspot\share\prims\jni.cpp, line 516]
Event: 6.958 Thread 0x0000016daacaea70 Exception <a 'sun/nio/fs/WindowsException'{0x0000000085b71900}> (0x0000000085b71900) 
thrown [s\open\src\hotspot\share\prims\jni.cpp, line 516]
Event: 6.960 Thread 0x0000016daacaea70 Exception <a 'sun/nio/fs/WindowsException'{0x0000000085b85880}> (0x0000000085b85880) 
thrown [s\open\src\hotspot\share\prims\jni.cpp, line 516]
Event: 6.965 Thread 0x0000016daacaea70 Exception <a 'sun/nio/fs/WindowsException'{0x0000000085be8e18}> (0x0000000085be8e18) 
thrown [s\open\src\hotspot\share\prims\jni.cpp, line 516]
Event: 7.072 Thread 0x0000016daacaea70 Exception <a 'sun/nio/fs/WindowsException'{0x0000000085a15a90}> (0x0000000085a15a90) 
thrown [s\open\src\hotspot\share\prims\jni.cpp, line 516]
Event: 7.074 Thread 0x0000016daacaea70 Exception <a 'sun/nio/fs/WindowsException'{0x0000000085a297c8}> (0x0000000085a297c8) 
thrown [s\open\src\hotspot\share\prims\jni.cpp, line 516]
Event: 7.078 Thread 0x0000016daacaea70 Exception <a 'sun/nio/fs/WindowsException'{0x0000000085a92ae0}> (0x0000000085a92ae0) 
thrown [s\open\src\hotspot\share\prims\jni.cpp, line 516]
Event: 7.110 Thread 0x0000016daacaea70 Exception <a 'sun/nio/fs/WindowsException'{0x0000000085abe218}> (0x0000000085abe218) 
thrown [s\open\src\hotspot\share\prims\jni.cpp, line 516]
Event: 7.112 Thread 0x0000016daacaea70 Exception <a 'sun/nio/fs/WindowsException'{0x0000000085ad1f50}> (0x0000000085ad1f50) 
thrown [s\open\src\hotspot\share\prims\jni.cpp, line 516]
Event: 7.117 Thread 0x0000016daacaea70 Exception <a 'sun/nio/fs/WindowsException'{0x000000008593a078}> (0x000000008593a078) 
thrown [s\open\src\hotspot\share\prims\jni.cpp, line 516]
Event: 7.137 Thread 0x0000016daacaea70 Exception <a 'sun/nio/fs/WindowsException'{0x0000000085997b98}> (0x0000000085997b98) 
thrown [s\open\src\hotspot\share\prims\jni.cpp, line 516]
Event: 7.139 Thread 0x0000016daacaea70 Exception <a 'sun/nio/fs/WindowsException'{0x00000000859ab8d0}> (0x00000000859ab8d0) 
thrown [s\open\src\hotspot\share\prims\jni.cpp, line 516]
Event: 7.147 Thread 0x0000016daacaea70 Exception <a 'sun/nio/fs/WindowsException'{0x000000008585aea0}> (0x000000008585aea0) 
thrown [s\open\src\hotspot\share\prims\jni.cpp, line 516]
Event: 7.156 Thread 0x0000016daacaea70 Exception <a 'sun/nio/fs/WindowsException'{0x0000000085882570}> (0x0000000085882570) 
thrown [s\open\src\hotspot\share\prims\jni.cpp, line 516]
Event: 7.158 Thread 0x0000016daacaea70 Exception <a 'sun/nio/fs/WindowsException'{0x00000000858962a8}> (0x00000000858962a8) 
thrown [s\open\src\hotspot\share\prims\jni.cpp, line 516]
Event: 7.162 Thread 0x0000016daacaea70 Exception <a 'sun/nio/fs/WindowsException'{0x00000000858f9c30}> (0x00000000858f9c30) 
thrown [s\open\src\hotspot\share\prims\jni.cpp, line 516]
Event: 7.186 Thread 0x0000016daacaea70 Exception <a 'sun/nio/fs/WindowsException'{0x0000000085721560}> (0x0000000085721560) 
thrown [s\open\src\hotspot\share\prims\jni.cpp, line 516]

VM Operations (20 events):
Event: 3.584 Executing VM operation: HandshakeAllThreads
Event: 3.584 Executing VM operation: HandshakeAllThreads done
Event: 3.649 Executing VM operation: HandshakeAllThreads
Event: 3.649 Executing VM operation: HandshakeAllThreads done
Event: 3.756 Executing VM operation: HandshakeAllThreads
Event: 3.756 Executing VM operation: HandshakeAllThreads done
Event: 3.929 Executing VM operation: HandshakeAllThreads
Event: 3.929 Executing VM operation: HandshakeAllThreads done
Event: 3.929 Executing VM operation: HandshakeAllThreads
Event: 3.929 Executing VM operation: HandshakeAllThreads done
Event: 4.581 Executing VM operation: ICBufferFull
Event: 4.581 Executing VM operation: ICBufferFull done
Event: 4.726 Executing VM operation: HandshakeAllThreads
Event: 4.726 Executing VM operation: HandshakeAllThreads done
Event: 4.781 Executing VM operation: HandshakeAllThreads
Event: 4.781 Executing VM operation: HandshakeAllThreads done
Event: 5.742 Executing VM operation: ICBufferFull
Event: 5.742 Executing VM operation: ICBufferFull done
Event: 6.754 Executing VM operation: Cleanup
Event: 6.754 Executing VM operation: Cleanup done

Events (20 events):
Event: 3.932 loading class java/nio/file/TempFileHelper
Event: 3.932 loading class java/nio/file/TempFileHelper done
Event: 3.934 loading class sun/nio/fs/WindowsPath$1
Event: 3.934 loading class sun/nio/fs/WindowsPath$1 done
Event: 3.934 loading class sun/nio/fs/WindowsChannelFactory$2
Event: 3.934 loading class sun/nio/fs/WindowsChannelFactory$2 done
Event: 3.968 loading class sun/nio/fs/ExtendedFileSystemProvider
Event: 3.968 loading class sun/nio/fs/ExtendedFileSystemProvider done
Event: 4.015 loading class java/nio/file/NoSuchFileException
Event: 4.015 loading class java/nio/file/NoSuchFileException done
Event: 4.059 Thread 0x0000016dcba03010 Thread exited: 0x0000016dcba03010
Event: 4.084 loading class java/util/Formatter$FixedString
Event: 4.084 loading class java/util/Formatter$FixedString done
Event: 4.249 Thread 0x0000016dcbf092d0 Thread added: 0x0000016dcbf092d0
Event: 4.594 Thread 0x0000016dcbf092d0 Thread exited: 0x0000016dcbf092d0
Event: 4.720 loading class java/util/AbstractList$ListItr
Event: 4.720 loading class java/util/AbstractList$ListItr done
Event: 4.723 Thread 0x0000016dcbef3580 Thread added: 0x0000016dcbef3580
Event: 4.844 Thread 0x0000016dcbef3580 Thread exited: 0x0000016dcbef3580
Event: 7.145 Thread 0x0000016dcbf77620 Thread added: 0x0000016dcbf77620


Dynamic libraries:
0x00007ff66cd00000 - 0x00007ff66cd10000 	C:\Program Files\Java\jdk-17.0.5\bin\java.exe
0x00007ff8750b0000 - 0x00007ff8752a8000 	C:\WINDOWS\SYSTEM32\ntdll.dll
0x00007ff874940000 - 0x00007ff8749ff000 	C:\WINDOWS\System32\KERNEL32.DLL
0x00007ff872ad0000 - 0x00007ff872da2000 	C:\WINDOWS\System32\KERNELBASE.dll
0x00007ff872960000 - 0x00007ff872a60000 	C:\WINDOWS\System32\ucrtbase.dll
0x00007ff85ae30000 - 0x00007ff85ae4a000 	C:\Program Files\Java\jdk-17.0.5\bin\VCRUNTIME140.dll
0x00007ff85ae10000 - 0x00007ff85ae28000 	C:\Program Files\Java\jdk-17.0.5\bin\jli.dll
0x00007ff873290000 - 0x00007ff87333e000 	C:\WINDOWS\System32\ADVAPI32.dll
0x00007ff874050000 - 0x00007ff8740ee000 	C:\WINDOWS\System32\msvcrt.dll
0x00007ff873d10000 - 0x00007ff873dac000 	C:\WINDOWS\System32\sechost.dll
0x00007ff873160000 - 0x00007ff873285000 	C:\WINDOWS\System32\RPCRT4.dll
0x00007ff874a20000 - 0x00007ff874bc1000 	C:\WINDOWS\System32\USER32.dll
0x00007ff8727a0000 - 0x00007ff8727c2000 	C:\WINDOWS\System32\win32u.dll
0x00007ff874bd0000 - 0x00007ff874bfb000 	C:\WINDOWS\System32\GDI32.dll
0x00007ff8690a0000 - 0x00007ff86933a000 	C:\WINDOWS\WinSxS\amd64_microsoft.windows.common-controls_6595b64144ccf1df_6.0.19041.1110_none_60b5254171f9507e\COMCTL32.dll
0x00007ff872e00000 - 0x00007ff872f0f000 	C:\WINDOWS\System32\gdi32full.dll
0x00007ff872fa0000 - 0x00007ff87303d000 	C:\WINDOWS\System32\msvcp_win.dll
0x00007ff86c0d0000 - 0x00007ff86c0da000 	C:\WINDOWS\SYSTEM32\VERSION.dll
0x00007ff874ef0000 - 0x00007ff874f22000 	C:\WINDOWS\System32\IMM32.DLL
0x00007ff860c60000 - 0x00007ff860c6c000 	C:\Program Files\Java\jdk-17.0.5\bin\vcruntime140_1.dll
0x00007ff840bd0000 - 0x00007ff840c5d000 	C:\Program Files\Java\jdk-17.0.5\bin\msvcp140.dll
0x00007ff803590000 - 0x00007ff804152000 	C:\Program Files\Java\jdk-17.0.5\bin\server\jvm.dll
0x00007ff8730f0000 - 0x00007ff8730f8000 	C:\WINDOWS\System32\PSAPI.DLL
0x00007ff86dba0000 - 0x00007ff86dbc7000 	C:\WINDOWS\SYSTEM32\WINMM.dll
0x00007ff870050000 - 0x00007ff870059000 	C:\WINDOWS\SYSTEM32\WSOCK32.dll
0x00007ff8740f0000 - 0x00007ff87415b000 	C:\WINDOWS\System32\WS2_32.dll
0x00007ff870680000 - 0x00007ff870692000 	C:\WINDOWS\SYSTEM32\kernel.appcore.dll
0x00007ff8609c0000 - 0x00007ff8609ca000 	C:\Program Files\Java\jdk-17.0.5\bin\jimage.dll
0x00007ff86b500000 - 0x00007ff86b6e4000 	C:\WINDOWS\SYSTEM32\DBGHELP.DLL
0x00007ff85d380000 - 0x00007ff85d3b5000 	C:\WINDOWS\SYSTEM32\dbgcore.DLL
0x00007ff872f10000 - 0x00007ff872f92000 	C:\WINDOWS\System32\bcryptPrimitives.dll
0x00007ff84f2c0000 - 0x00007ff84f2e5000 	C:\Program Files\Java\jdk-17.0.5\bin\java.dll
0x00007ff82c6f0000 - 0x00007ff82c7c6000 	C:\Program Files\Java\jdk-17.0.5\bin\jsvml.dll
0x00007ff873340000 - 0x00007ff873a85000 	C:\WINDOWS\System32\SHELL32.dll
0x00007ff870880000 - 0x00007ff871012000 	C:\WINDOWS\SYSTEM32\windows.storage.dll
0x00007ff874160000 - 0x00007ff8744b5000 	C:\WINDOWS\System32\combase.dll
0x00007ff872200000 - 0x00007ff872230000 	C:\WINDOWS\SYSTEM32\Wldp.dll
0x00007ff873db0000 - 0x00007ff873e5d000 	C:\WINDOWS\System32\SHCORE.dll
0x00007ff873100000 - 0x00007ff873155000 	C:\WINDOWS\System32\shlwapi.dll
0x00007ff8726e0000 - 0x00007ff8726ff000 	C:\WINDOWS\SYSTEM32\profapi.dll
0x00007ff840e30000 - 0x00007ff840e49000 	C:\Program Files\Java\jdk-17.0.5\bin\net.dll
0x00007ff86b8b0000 - 0x00007ff86b9bc000 	C:\WINDOWS\SYSTEM32\WINHTTP.dll
0x00007ff871f60000 - 0x00007ff871fca000 	C:\WINDOWS\system32\mswsock.dll
0x00007ff840b20000 - 0x00007ff840b36000 	C:\Program Files\Java\jdk-17.0.5\bin\nio.dll
0x00007ff840b00000 - 0x00007ff840b18000 	C:\Program Files\Java\jdk-17.0.5\bin\zip.dll
0x0000000069ac0000 - 0x0000000069ae4000 	C:\Program Files\apache-maven-4.0.0-alpha-4\lib\jansi-native\Windows\x86_64\jansi.dll
0x00007ff869a00000 - 0x00007ff869a10000 	C:\Program Files\Java\jdk-17.0.5\bin\verify.dll
0x00007ff872160000 - 0x00007ff872178000 	C:\WINDOWS\SYSTEM32\CRYPTSP.dll
0x00007ff8717a0000 - 0x00007ff8717d4000 	C:\WINDOWS\system32\rsaenh.dll
0x00007ff8727d0000 - 0x00007ff8727f7000 	C:\WINDOWS\System32\bcrypt.dll
0x00007ff8726a0000 - 0x00007ff8726ce000 	C:\WINDOWS\SYSTEM32\USERENV.dll
0x00007ff872150000 - 0x00007ff87215c000 	C:\WINDOWS\SYSTEM32\CRYPTBASE.dll
0x00007ff871be0000 - 0x00007ff871c1b000 	C:\WINDOWS\SYSTEM32\IPHLPAPI.DLL
0x00007ff873d00000 - 0x00007ff873d08000 	C:\WINDOWS\System32\NSI.dll
0x00007ff86c0b0000 - 0x00007ff86c0c7000 	C:\WINDOWS\SYSTEM32\dhcpcsvc6.DLL
0x00007ff86c040000 - 0x00007ff86c05d000 	C:\WINDOWS\SYSTEM32\dhcpcsvc.DLL
0x00007ff871c20000 - 0x00007ff871ceb000 	C:\WINDOWS\SYSTEM32\DNSAPI.dll

dbghelp: loaded successfully - version: 4.0.5 - missing functions: none
symbol engine: initialized successfully - sym options: 0x614 - pdb path: .;C:\Program Files\Java\jdk-17.0.5\bin;C:\WINDOWS\SYSTEM32;C:\WINDOWS\WinSxS\amd64_microsoft.windows.common-controls_6595b64144ccf1df_6.0.19041.1110_none_60b5254171f9507e;C:\Program Files\Java\jdk-17.0.5\bin\server;C:\Program Files\apache-maven-4.0.0-alpha-4\lib\jansi-native\Windows\x86_64

VM Arguments:
jvm_args: -Dclassworlds.conf=C:\Program Files\apache-maven-4.0.0-alpha-4\bin\m2.conf -Dmaven.home=C:\Program Files\apache-maven-4.0.0-alpha-4 -Dlibrary.jansi.path=C:\Program Files\apache-maven-4.0.0-alpha-4\lib\jansi-native -Dmaven.multiModuleProjectDirectory=C:\Users\kroxe\Desktop\DemoShopLucaSagau 
java_command: org.codehaus.plexus.classworlds.launcher.Launcher test
java_class_path (initial): C:\Program Files\apache-maven-4.0.0-alpha-4\boot\plexus-classworlds-2.6.0.jar
Launcher Type: SUN_STANDARD

[Global flags]
     intx CICompilerCount                          = 3                                         {product} {ergonomic}
     uint ConcGCThreads                            = 1                                         {product} {ergonomic}
     uint G1ConcRefinementThreads                  = 4                                         {product} {ergonomic}
   size_t G1HeapRegionSize                         = 1048576                                   {product} {ergonomic}
    uintx GCDrainStackTargetSize                   = 64                                        {product} {ergonomic}
   size_t InitialHeapSize                          = 134217728                                 {product} {ergonomic}
   size_t MarkStackSize                            = 4194304                                   {product} {ergonomic}
   size_t MaxHeapSize                              = 2132803584                                {product} {ergonomic}
   size_t MaxNewSize                               = 1279262720                                {product} {ergonomic}
   size_t MinHeapDeltaBytes                        = 1048576                                   {product} {ergonomic}
   size_t MinHeapSize                              = 8388608                                   {product} {ergonomic}
    uintx NonNMethodCodeHeapSize                   = 5832780                                {pd product} {ergonomic}
    uintx NonProfiledCodeHeapSize                  = 122912730                              {pd product} {ergonomic}
    uintx ProfiledCodeHeapSize                     = 122912730                              {pd product} {ergonomic}
    uintx ReservedCodeCacheSize                    = 251658240                              {pd product} {ergonomic}
     bool SegmentedCodeCache                       = true                                      {product} {ergonomic}
   size_t SoftMaxHeapSize                          = 2132803584                             {manageable} {ergonomic}
     bool UseCompressedClassPointers               = true                           {product lp64_product} {ergonomic}
     bool UseCompressedOops                        = true                           {product lp64_product} {ergonomic}
     bool UseG1GC                                  = true                                      {product} {ergonomic}
     bool UseLargePagesIndividualAllocation        = false                                  {pd product} {ergonomic}

Logging:
Log output configuration:
 #0: stdout all=warning uptime,level,tags
 #1: stderr all=off uptime,level,tags

Environment Variables:
JAVA_HOME=C:\Program Files\Java\jdk-17.0.5
PATH=C:\Program Files\Common Files\Oracle\Java\javapath;C:\WINDOWS\system32;C:\WINDOWS;C:\WINDOWS\System32\Wbem;C:\WINDOWS\System32\WindowsPowerShell\v1.0\;C:\WINDOWS\System32\OpenSSH\;C:\Program Files\apache-maven-4.0.0-alpha-4\bin;C:\Users\kroxe\AppData\Local\Microsoft\WindowsApps;C:\Users\kroxe\AppData\Local\Programs\Git\cmd;C:\Users\kroxe\AppData\Local\GitHubDesktop\bin
USERNAME=kroxe
OS=Windows_NT
PROCESSOR_IDENTIFIER=Intel64 Family 6 Model 60 Stepping 3, GenuineIntel



---------------  S Y S T E M  ---------------

OS:
 Windows 10 , 64 bit Build 19041 (10.0.19041.2546)
OS uptime: 4 days 4:16 hours

CPU: total 4 (initial active 4) (4 cores per cpu, 1 threads per core) family 6 model 60 stepping 3 microcode 0x27, cx8, cmov, fxsr, mmx, sse, sse2, sse3, ssse3, sse4.1, sse4.2, popcnt, lzcnt, tsc, tscinvbit, avx, avx2, aes, erms, clmul, bmi1, bmi2, fma, vzeroupper, clflush

Memory: 4k page, system-wide physical 8131M (517M free)
TotalPageFile size 32707M (AvailPageFile size 15M)
current process WorkingSet (physical memory assigned to process): 141M, peak: 141M
current process commit charge ("private bytes"): 245M, peak: 249M

vm_info: Java HotSpot(TM) 64-Bit Server VM (17.0.5+9-LTS-191) for windows-amd64 JRE (17.0.5+9-LTS-191), built on Sep 13 2022 17:31:43 by "mach5one" with MS VC++ 16.8 / 16.9 (VS2019)

END.
